<?xml version="1.0" encoding="UTF-8"?>
<testsuite name="ru.ncd.MainTest" tests="2" skipped="0" failures="0" errors="0" timestamp="2019-07-02T05:54:04" hostname="mansur-ThinkPad-13-2nd-Gen" time="0.027">
  <properties/>
  <testcase name="quantityOfDots" classname="ru.ncd.MainTest" time="0.021"/>
  <testcase name="checkResult" classname="ru.ncd.MainTest" time="0.006"/>
  <system-out><![CDATA[Матрица из файла и её размер
2 2
#.
.#

Матрица смежности графа и её размер
4
1000
0000
0000
0001

Количество точек в файле
2

Матрица из файла и её размер
2 2
#.
.#

Матрица смежности графа и её размер
4
1000
0000
0000
0001

Ответ
Количество точек в файле
2

Quantity of islands: 2

]]></system-out>
  <system-err><![CDATA[]]></system-err>
</testsuite>
